#
# There is insufficient memory for the Java Runtime Environment to continue.
# Native memory allocation (malloc) failed to allocate 32744 bytes for ChunkPool::allocate
# Possible reasons:
#   The system is out of physical RAM or swap space
#   The process is running with CompressedOops enabled, and the Java Heap may be blocking the growth of the native heap
# Possible solutions:
#   Reduce memory load on the system
#   Increase physical memory or swap space
#   Check if swap backing store is full
#   Decrease Java heap size (-Xmx/-Xms)
#   Decrease number of Java threads
#   Decrease Java thread stack sizes (-Xss)
#   Set larger code cache with -XX:ReservedCodeCacheSize=
#   JVM is running with Unscaled Compressed Oops mode in which the Java heap is
#     placed in the first 4GB address space. The Java Heap base address is the
#     maximum limit for the native heap growth. Please use -XX:HeapBaseMinAddress
#     to set the Java Heap base and to place the Java Heap above 4GB virtual address.
# This output file may be truncated or incomplete.
#
#  Out of Memory Error (allocation.cpp:272), pid=9516, tid=0x0000000000003ec4
#
# JRE version: Java(TM) SE Runtime Environment (8.0_231-b11) (build 1.8.0_231-b11)
# Java VM: Java HotSpot(TM) 64-Bit Server VM (25.231-b11 mixed mode windows-amd64 compressed oops)
# Failed to write core dump. Minidumps are not enabled by default on client versions of Windows
#

---------------  T H R E A D  ---------------

Current thread (0x0000000016ed9800):  JavaThread "C2 CompilerThread0" daemon [_thread_in_vm, id=16068, stack(0x0000000018520000,0x0000000018620000)]

Stack: [0x0000000018520000,0x0000000018620000]
[error occurred during error reporting (printing stack bounds), id 0xc0000005]

Native frames: (J=compiled Java code, j=interpreted, Vv=VM code, C=native code)


---------------  P R O C E S S  ---------------

Java Threads: ( => current thread )
=>0x0000000016ed9800 JavaThread "C2 CompilerThread0" daemon [_thread_in_vm, id=16068, stack(0x0000000018520000,0x0000000018620000)]
  0x0000000016ed7000 JavaThread "Attach Listener" daemon [_thread_new, id=4572, stack(0x0000000000000000,0x0000000000000000)]
  0x0000000016ed6000 JavaThread "Signal Dispatcher" daemon [_thread_new, id=1396, stack(0x0000000000000000,0x0000000000000000)]
  0x0000000002499000 JavaThread "Finalizer" daemon [_thread_blocked, id=17416, stack(0x0000000018120000,0x0000000018220000)]
  0x0000000016eba000 JavaThread "Reference Handler" daemon [_thread_blocked, id=15964, stack(0x0000000018020000,0x0000000018120000)]
  0x00000000023a5800 JavaThread "main" [_thread_in_vm, id=12684, stack(0x0000000002280000,0x0000000002380000)]

Other Threads:
  0x0000000016e96800 VMThread [stack: 0x0000000017f20000,0x0000000018020000] [id=14540]

VM state:not at safepoint (normal execution)

VM Mutex/Monitor currently owned by a thread:  ([mutex/lock_event])
[0x00000000023a27d0] Threads_lock - owner thread: 0x00000000023a5800

heap address: 0x0000000085000000, size: 1968 MB, Compressed Oops mode: 32-bit
Narrow klass base: 0x0000000000000000, Narrow klass shift: 3
Compressed class space size: 1073741824 Address: 0x0000000100000000

Heap:
 PSYoungGen      total 2048K, used 356K [0x00000000d7000000, 0x00000000d7280000, 0x0000000100000000)
  eden space 1536K, 23% used [0x00000000d7000000,0x00000000d7059180,0x00000000d7180000)
  from space 512K, 0% used [0x00000000d7200000,0x00000000d7200000,0x00000000d7280000)
  to   space 512K, 0% used [0x00000000d7180000,0x00000000d7180000,0x00000000d7200000)
 ParOldGen       total 5632K, used 0K [0x0000000085000000, 0x0000000085580000, 0x00000000d7000000)
  object space 5632K, 0% used [0x0000000085000000,0x0000000085000000,0x0000000085580000)
 Metaspace       used 2081K, capacity 4480K, committed 4480K, reserved 1056768K
  class space    used 227K, capacity 384K, committed 384K, reserved 1048576K

Card table byte_map: [0x0000000011a60000,0x0000000011e40000] byte_map_base: 0x0000000011638000

Marking Bits: (ParMarkBitMap*) 0x000000006dc26d90
 Begin Bits: [0x00000000123d0000, 0x0000000014290000)
 End Bits:   [0x0000000014290000, 0x0000000016150000)

Polling page: 0x0000000000780000

CodeCache: size=245760Kb used=434Kb max_used=434Kb free=245326Kb
 bounds [0x00000000026a0000, 0x0000000002910000, 0x00000000116a0000]
 total_blobs=161 nmethods=0 adapters=128
 compilation: enabled

Compilation events (0 events):
No events

GC Heap History (0 events):
No events

Deoptimization events (0 events):
No events

Classes redefined (0 events):
No events

Internal exceptions (2 events):
Event: 0.167 Thread 0x00000000023a5800 Exception <a 'java/lang/NoSuchMethodError': Method sun.misc.Unsafe.defineClass(Ljava/lang/String;[BII)Ljava/lang/Class; name or signature does not match> (0x00000000d7007cd8) thrown at [C:\re\workspace\8-2-build-windows-amd64-cygwin\jdk8u231\13620\hotspot
Event: 0.167 Thread 0x00000000023a5800 Exception <a 'java/lang/NoSuchMethodError': Method sun.misc.Unsafe.prefetchRead(Ljava/lang/Object;J)V name or signature does not match> (0x00000000d7007fc0) thrown at [C:\re\workspace\8-2-build-windows-amd64-cygwin\jdk8u231\13620\hotspot\src\share\vm\prim

Events (10 events):
Event: 0.236 loading class sun/misc/URLClassPath done
Event: 0.237 loading class sun/net/www/protocol/jar/Handler
Event: 0.237 loading class sun/net/www/protocol/jar/Handler done
Event: 0.237 loading class sun/misc/Launcher$AppClassLoader$1
Event: 0.237 loading class sun/misc/Launcher$AppClassLoader$1 done
Event: 0.240 loading class java/lang/SystemClassLoaderAction
Event: 0.240 loading class java/lang/SystemClassLoaderAction done
Event: 0.241 Thread 0x0000000016ed6000 Thread added: 0x0000000016ed6000
Event: 0.241 Thread 0x0000000016ed7000 Thread added: 0x0000000016ed7000
Event: 0.241 Thread 0x0000000016ed9800 Thread added: 0x0000000016ed9800


Dynamic libraries:
0x00007ff6b9930000 - 0x00007ff6b9937000 	C:\Program Files\java\jdk1.8.0_231\bin\javac.exe
0x00007ffe9c660000 - 0x00007ffe9c84d000 	C:\Windows\SYSTEM32\ntdll.dll
0x00007ffe9a040000 - 0x00007ffe9a0f3000 	C:\Windows\System32\KERNEL32.DLL
0x00007ffe98a40000 - 0x00007ffe98cd3000 	C:\Windows\System32\KERNELBASE.dll
0x000000006d320000 - 0x000000006d3f2000 	C:\Program Files\java\jdk1.8.0_231\bin\MSVCR100.dll
0x00007ffe82ee0000 - 0x00007ffe82f0f000 	C:\Program Files\java\jdk1.8.0_231\bin\jli.dll
0x00007ffe9a230000 - 0x00007ffe9a2d3000 	C:\Windows\System32\ADVAPI32.dll
0x00007ffe9a420000 - 0x00007ffe9a4be000 	C:\Windows\System32\msvcrt.dll
0x00007ffe99c00000 - 0x00007ffe99c9e000 	C:\Windows\System32\sechost.dll
0x00007ffe9a2f0000 - 0x00007ffe9a412000 	C:\Windows\System32\RPCRT4.dll
0x00007ffe9adf0000 - 0x00007ffe9af87000 	C:\Windows\System32\USER32.dll
0x00007ffe98840000 - 0x00007ffe98860000 	C:\Windows\System32\win32u.dll
0x00007ffe9a570000 - 0x00007ffe9a599000 	C:\Windows\System32\GDI32.dll
0x00007ffe98ce0000 - 0x00007ffe98e79000 	C:\Windows\System32\gdi32full.dll
0x00007ffe987a0000 - 0x00007ffe98840000 	C:\Windows\System32\msvcp_win.dll
0x00007ffe98860000 - 0x00007ffe9895a000 	C:\Windows\System32\ucrtbase.dll
0x00007ffe85550000 - 0x00007ffe857c9000 	C:\Windows\WinSxS\amd64_microsoft.windows.common-controls_6595b64144ccf1df_6.0.17763.1098_none_de762ed45346ee8a\COMCTL32.dll
0x00007ffe99d10000 - 0x00007ffe9a03c000 	C:\Windows\System32\combase.dll
0x00007ffe98720000 - 0x00007ffe9879e000 	C:\Windows\System32\bcryptPrimitives.dll
0x00007ffe9a4c0000 - 0x00007ffe9a4ee000 	C:\Windows\System32\IMM32.DLL
0x000000006dcb0000 - 0x000000006dd82000 	C:\Program Files\java\jdk1.8.0_231\jre\bin\msvcr100.dll
0x000000006d400000 - 0x000000006dca6000 	C:\Program Files\java\jdk1.8.0_231\jre\bin\server\jvm.dll
0x00007ffe9af90000 - 0x00007ffe9af98000 	C:\Windows\System32\PSAPI.DLL
0x00007ffe82ca0000 - 0x00007ffe82ca9000 	C:\Windows\SYSTEM32\WSOCK32.dll
0x00007ffe99ca0000 - 0x00007ffe99d0d000 	C:\Windows\System32\WS2_32.dll
0x00007ffe96600000 - 0x00007ffe96624000 	C:\Windows\SYSTEM32\WINMM.dll
0x00007ffe905f0000 - 0x00007ffe905fa000 	C:\Windows\SYSTEM32\VERSION.dll
0x00007ffe96590000 - 0x00007ffe965bd000 	C:\Windows\SYSTEM32\WINMMBASE.dll
0x00007ffe995f0000 - 0x00007ffe9963a000 	C:\Windows\System32\cfgmgr32.dll
0x00007ffe94070000 - 0x00007ffe9407f000 	C:\Program Files\java\jdk1.8.0_231\jre\bin\verify.dll
0x00007ffe93480000 - 0x00007ffe934a9000 	C:\Program Files\java\jdk1.8.0_231\jre\bin\java.dll
0x00007ffe94050000 - 0x00007ffe94066000 	C:\Program Files\java\jdk1.8.0_231\jre\bin\zip.dll
0x00007ffe9b130000 - 0x00007ffe9c624000 	C:\Windows\System32\SHELL32.dll
0x00007ffe9b080000 - 0x00007ffe9b128000 	C:\Windows\System32\shcore.dll
0x00007ffe98e80000 - 0x00007ffe995cd000 	C:\Windows\System32\windows.storage.dll
0x00007ffe98650000 - 0x00007ffe98674000 	C:\Windows\System32\profapi.dll
0x00007ffe986a0000 - 0x00007ffe986fd000 	C:\Windows\System32\powrprof.dll
0x00007ffe99ba0000 - 0x00007ffe99bf2000 	C:\Windows\System32\shlwapi.dll
0x00007ffe98680000 - 0x00007ffe98691000 	C:\Windows\System32\kernel.appcore.dll
0x00007ffe995d0000 - 0x00007ffe995e7000 	C:\Windows\System32\cryptsp.dll

VM Arguments:
jvm_args: -Dapplication.home=C:\Program Files\java\jdk1.8.0_231 -Xms8m 
java_command: com.sun.tools.javac.Main -version
java_class_path (initial): C:\Program Files\java\jdk1.8.0_231/lib/tools.jar;C:\Program Files\java\jdk1.8.0_231/classes
Launcher Type: SUN_STANDARD

Environment Variables:
JAVA_HOME=C:\Program Files\java\jdk1.8.0_231
PATH=C:\Program Files\nodejs\node_modules\npm\node_modules\npm-lifecycle\node-gyp-bin;C:\xampp\htdocs\kta-vue-assigment\node_modules\.bin;C:\Program Files\ImageMagick-7.0.9-Q16;C:\Program Files (x86)\Common Files\Oracle\Java\javapath;C:\Windows\system32;C:\Windows;C:\Windows\System32\Wbem;C:\Windows\System32\WindowsPowerShell\v1.0\;C:\Windows\System32\OpenSSH\;C:\Program Files (x86)\Bitvise SSH Client;C:\Program Files\Git\cmd;C:\xampp\php;C:\ProgramData\ComposerSetup\bin;C:\Program Files\nodejs\;C:\Program Files\PuTTY\;C:\Program Files (x86)\Yarn\bin\;C:\Users\ZULHAMAZWARACHMAD\AppData\Local\Android\Sdk\platform-tools;C:\Users\ZULHAMAZWARACHMAD\AppData\Local\Android\Sdk\tools;C:\Users\ZULHAMAZWARACHMAD\AppData\Local\Android\Sdk\build-tools\29.0.2;C:\flutter\bin;C:\gradle\gradle-5.6.4\bin;C:\Users\ZULHAMAZWARACHMAD\AppData\Local\Android\Sdk;C:\ProgramData\chocolatey\bin;C:\Users\ZULHAMAZWARACHMAD\AppData\Local\Programs\Python\Python38\Scripts\;C:\Users\ZULHAMAZWARACHMAD\AppData\Local\Programs\Python\Python38\;C:\Users\ZULHAMAZWARACHMAD\AppData\Local\Microsoft\WindowsApps;C:\Users\ZULHAMAZWARACHMAD\AppData\Local\Programs\Microsoft VS Code\bin;C:\Users\ZULHAMAZWARACHMAD\AppData\Roaming\Composer\vendor\bin;C:\Users\ZULHAMAZWARACHMAD\AppData\Roaming\npm;C:\Users\ZULHAMAZWARACHMAD\AppData\Local\Yarn\bin;C:\Users\ZULHAMAZWARACHMAD\AppData\Local\Android\Sdk\platform-tools;C:\Users\ZULHAMAZWARACHMAD\AppData\Local\Android\Sdk\tools;C:\Users\ZULHAMAZWARACHMAD\AppData\Local\Android\Sdk\build-tools\29.0.2;;C:\Program Files\java\jdk1.8.0_231\bin;C:\Users\ZULHAMAZWARACHMAD\AppData\Local\Android\Sdk\tools\bin
USERNAME=ZULHAMAZWARACHMAD
OS=Windows_NT
PROCESSOR_IDENTIFIER=Intel64 Family 6 Model 158 Stepping 10, GenuineIntel



---------------  S Y S T E M  ---------------

OS: Windows 10.0 , 64 bit Build 17763 (10.0.17763.475)

CPU:total 4 (initial active 4) (2 cores per cpu, 2 threads per core) family 6 model 158 stepping 10, cmov, cx8, fxsr, mmx, sse, sse2, sse3, ssse3, sse4.1, sse4.2, popcnt, aes, clmul, erms, 3dnowpref, lzcnt, ht, tsc, tscinvbit

Memory: 4k page, physical 8053904k(376712k free), swap 33219728k(2368k free)

vm_info: Java HotSpot(TM) 64-Bit Server VM (25.231-b11) for windows-amd64 JRE (1.8.0_231-b11), built on Oct  5 2019 03:11:30 by "java_re" with MS VC++ 10.0 (VS2010)

time: Mon Mar 16 15:52:02 2020
timezone: SE Asia Standard Time
elapsed time: 0 seconds (0d 0h 0m 0s)

